<?xml version="1.0" encoding="UTF-8"?>
<!-- Generated by org.testng.reporters.JUnitXMLReporter -->
<testsuite ignored="0" hostname="Ganesh" failures="1" tests="2" name="Test" time="0.582" errors="0" timestamp="23 May 2022 18:09:58 GMT">
  <testcase classname="com.sdet34l1.genericlibrary.BaseClass" name="@BeforeClass beforeclassTest" time="0.0">
    <failure type="org.testng.TestNGException" message="
Parameter &amp;apos;browser&amp;apos; is required by BeforeClass on method beforeclassTest but has not been marked @Optional or defined
in D:\Test Yantra Eclipse\SDET34L1\testng.xml">
      <![CDATA[org.testng.TestNGException: 
Parameter 'browser' is required by BeforeClass on method beforeclassTest but has not been marked @Optional or defined
in D:\Test Yantra Eclipse\SDET34L1\testng.xml
... Removed 23 stack frames]]>
    </failure>
  </testcase> <!-- @BeforeClass beforeclassTest -->
  <testcase classname="com.sdet34l1.genericlibrary.BaseClass" name="@BeforeMethod beforeMethodTest" time="0.0">
    <skipped/>
  </testcase> <!-- @BeforeMethod beforeMethodTest -->
  <testcase classname="com.sdet34l1.genericlibrary.BaseClass" name="@AfterClass afterClassTest" time="0.0">
    <skipped/>
  </testcase> <!-- @AfterClass afterClassTest -->
  <testcase classname="com.vtiger.productsTest.CreateProductsTest" name="createProductsTest" time="0.0">
    <skipped/>
  </testcase> <!-- createProductsTest -->
  <testcase classname="com.vtiger.productsTest.CreateProductsTest" name="createProductsTest" time="0.03">
    <failure type="java.lang.NullPointerException" message="Cannot invoke &amp;quot;com.aventstack.extentreports.ExtentTest.log(com.aventstack.extentreports.Status, String)&amp;quot; because &amp;quot;this.test&amp;quot; is null">
      <![CDATA[java.lang.NullPointerException: Cannot invoke "com.aventstack.extentreports.ExtentTest.log(com.aventstack.extentreports.Status, String)" because "this.test" is null
at com.sdet34l1.genericlibrary.ListenerImplementation.onTestSkipped(ListenerImplementation.java:76)
... Removed 23 stack frames]]>
    </failure>
  </testcase> <!-- createProductsTest -->
</testsuite> <!-- Test -->
